TN:
SF:src/App.jsx
FN:4,App
FNF:1
FNH:0
FNDA:0,App
DA:5,0
LF:1
LH:0
BRF:0
BRH:0
end_of_record
TN:
SF:src/constants.js
FNF:0
FNH:0
DA:1,0
DA:2,0
LF:2
LH:0
BRF:0
BRH:0
end_of_record
TN:
SF:src/theme.js
FNF:0
FNH:0
DA:3,0
DA:50,0
LF:2
LH:0
BRF:0
BRH:0
end_of_record
TN:
SF:src/api/wsClient.js
FN:3,createWsClient
FNF:1
FNH:0
FNDA:0,createWsClient
DA:4,0
DA:5,0
DA:6,0
DA:7,0
DA:8,0
DA:9,0
LF:6
LH:0
BRF:0
BRH:0
end_of_record
TN:
SF:src/app/store.js
FN:17,(anonymous_0)
FNF:1
FNH:0
FNDA:0,(anonymous_0)
DA:8,0
DA:17,0
LF:2
LH:0
BRF:0
BRH:0
end_of_record
TN:
SF:src/components/FileUpload.jsx
FN:7,FileUpload
FN:12,(anonymous_1)
FN:24,(anonymous_2)
FNF:3
FNH:2
FNDA:4,FileUpload
FNDA:1,(anonymous_1)
FNDA:0,(anonymous_2)
DA:5,1
DA:8,4
DA:9,4
DA:10,4
DA:12,4
DA:13,1
DA:14,1
DA:15,1
DA:16,1
DA:17,1
DA:19,1
DA:20,1
DA:21,1
DA:23,1
DA:24,0
DA:27,1
DA:29,0
DA:30,0
DA:32,1
DA:36,4
LF:20
LH:17
BRDA:7,0,0,4
BRDA:7,1,0,4
BRDA:7,2,0,4
BRDA:14,3,0,0
BRDA:14,3,1,1
BRDA:41,4,0,4
BRDA:41,4,1,4
BRDA:45,5,0,4
BRDA:45,5,1,1
BRDA:51,6,0,4
BRDA:51,6,1,0
BRF:11
BRH:9
end_of_record
TN:
SF:src/components/GlobalErrorBoundary.jsx
FN:5,(anonymous_0)
FN:10,(anonymous_1)
FN:14,(anonymous_2)
FN:18,(anonymous_3)
FN:22,(anonymous_4)
FNF:5
FNH:0
FNDA:0,(anonymous_0)
FNDA:0,(anonymous_1)
FNDA:0,(anonymous_2)
FNDA:0,(anonymous_3)
FNDA:0,(anonymous_4)
DA:6,0
DA:7,0
DA:11,0
DA:15,0
DA:18,0
DA:19,0
DA:23,0
DA:24,0
DA:38,0
LF:9
LH:0
BRDA:23,0,0,0
BRDA:23,0,1,0
BRF:2
BRH:0
end_of_record
TN:
SF:src/components/GlobalErrorNotifier.jsx
FN:5,GlobalErrorNotifier
FN:8,(anonymous_1)
FN:9,(anonymous_2)
FN:15,(anonymous_3)
FNF:4
FNH:0
FNDA:0,GlobalErrorNotifier
FNDA:0,(anonymous_1)
FNDA:0,(anonymous_2)
FNDA:0,(anonymous_3)
DA:6,0
DA:8,0
DA:9,0
DA:10,0
DA:12,0
DA:15,0
DA:16,0
DA:19,0
LF:8
LH:0
BRF:0
BRH:0
end_of_record
TN:
SF:src/components/Loader.jsx
FN:3,Loader
FNF:1
FNH:1
FNDA:2,Loader
DA:4,2
LF:1
LH:1
BRDA:3,0,0,1
BRDA:3,1,0,2
BRDA:7,2,0,2
BRDA:7,2,1,2
BRF:4
BRH:4
end_of_record
TN:
SF:src/components/ModalDialog.jsx
FN:3,ModalDialog
FNF:1
FNH:1
FNDA:2,ModalDialog
DA:4,2
LF:1
LH:1
BRDA:3,0,0,2
BRDA:3,1,0,2
BRDA:3,2,0,2
BRDA:3,3,0,2
BRDA:6,4,0,2
BRDA:6,4,1,2
BRDA:8,5,0,1
BRDA:8,5,1,1
BRDA:11,6,0,2
BRDA:11,6,1,2
BRF:10
BRH:10
end_of_record
TN:
SF:src/components/NotificationBell.jsx
FN:8,NotificationBell
FN:15,(anonymous_1)
FN:27,(anonymous_2)
FN:31,(anonymous_3)
FN:35,(anonymous_4)
FN:39,(anonymous_5)
FN:48,(anonymous_6)
FN:57,(anonymous_7)
FN:69,(anonymous_8)
FN:76,(anonymous_9)
FN:79,(anonymous_10)
FNF:11
FNH:0
FNDA:0,NotificationBell
FNDA:0,(anonymous_1)
FNDA:0,(anonymous_2)
FNDA:0,(anonymous_3)
FNDA:0,(anonymous_4)
FNDA:0,(anonymous_5)
FNDA:0,(anonymous_6)
FNDA:0,(anonymous_7)
FNDA:0,(anonymous_8)
FNDA:0,(anonymous_9)
FNDA:0,(anonymous_10)
DA:9,0
DA:10,0
DA:11,0
DA:13,0
DA:15,0
DA:16,0
DA:17,0
DA:18,0
DA:19,0
DA:21,0
DA:23,0
DA:27,0
DA:28,0
DA:31,0
DA:32,0
DA:35,0
DA:36,0
DA:39,0
DA:40,0
DA:41,0
DA:42,0
DA:44,0
DA:48,0
DA:49,0
DA:50,0
DA:51,0
DA:53,0
DA:57,0
DA:59,0
DA:70,0
DA:76,0
DA:79,0
LF:32
LH:0
BRDA:13,0,0,0
BRDA:13,0,1,0
BRDA:19,1,0,0
BRDA:19,1,1,0
BRDA:67,2,0,0
BRDA:67,2,1,0
BRDA:68,3,0,0
BRDA:68,3,1,0
BRDA:68,3,2,0
BRDA:69,4,0,0
BRDA:69,4,1,0
BRDA:70,5,0,0
BRDA:70,5,1,0
BRDA:70,5,2,0
BRDA:72,6,0,0
BRDA:72,6,1,0
BRDA:72,6,2,0
BRDA:73,7,0,0
BRDA:73,7,1,0
BRDA:76,8,0,0
BRDA:76,8,1,0
BRDA:76,8,2,0
BRDA:79,9,0,0
BRDA:79,9,1,0
BRDA:79,9,2,0
BRF:25
BRH:0
end_of_record
TN:
SF:src/components/NotificationList.jsx
FN:7,NotificationList
FN:12,(anonymous_1)
FN:24,(anonymous_2)
FN:28,(anonymous_3)
FN:37,(anonymous_4)
FN:53,(anonymous_5)
FN:58,(anonymous_6)
FN:59,(anonymous_7)
FNF:8
FNH:0
FNDA:0,NotificationList
FNDA:0,(anonymous_1)
FNDA:0,(anonymous_2)
FNDA:0,(anonymous_3)
FNDA:0,(anonymous_4)
FNDA:0,(anonymous_5)
FNDA:0,(anonymous_6)
FNDA:0,(anonymous_7)
DA:8,0
DA:9,0
DA:10,0
DA:12,0
DA:13,0
DA:14,0
DA:15,0
DA:16,0
DA:18,0
DA:20,0
DA:24,0
DA:25,0
DA:28,0
DA:29,0
DA:30,0
DA:31,0
DA:33,0
DA:37,0
DA:38,0
DA:39,0
DA:40,0
DA:42,0
DA:46,0
DA:54,0
DA:55,0
DA:58,0
DA:59,0
LF:27
LH:0
BRDA:10,0,0,0
BRDA:10,0,1,0
BRDA:16,1,0,0
BRDA:16,1,1,0
BRDA:51,2,0,0
BRDA:51,2,1,0
BRDA:52,3,0,0
BRDA:52,3,1,0
BRDA:52,3,2,0
BRDA:53,4,0,0
BRDA:53,4,1,0
BRDA:54,5,0,0
BRDA:54,5,1,0
BRDA:54,5,2,0
BRDA:63,6,0,0
BRDA:63,6,1,0
BRDA:63,6,2,0
BRDA:63,7,0,0
BRDA:63,7,1,0
BRDA:64,8,0,0
BRDA:64,8,1,0
BRDA:64,8,2,0
BRDA:64,8,3,0
BRF:23
BRH:0
end_of_record
TN:
SF:src/components/PaginationControls.jsx
FN:3,PaginationControls
FNF:1
FNH:1
FNDA:6,PaginationControls
DA:11,6
LF:1
LH:1
BRDA:9,0,0,6
BRF:1
BRH:1
end_of_record
TN:
SF:src/components/layout/AppShell.jsx
FN:10,AppShell
FNF:1
FNH:0
FNDA:0,AppShell
DA:11,0
DA:13,0
LF:2
LH:0
BRDA:21,0,0,0
BRDA:21,0,1,0
BRF:2
BRH:0
end_of_record
TN:
SF:src/components/layout/Layout.jsx
FN:11,Layout
FN:16,(anonymous_1)
FN:17,(anonymous_2)
FN:25,(anonymous_3)
FNF:4
FNH:0
FNDA:0,Layout
FNDA:0,(anonymous_1)
FNDA:0,(anonymous_2)
FNDA:0,(anonymous_3)
DA:9,0
DA:12,0
DA:13,0
DA:14,0
DA:16,0
DA:17,0
DA:20,0
DA:25,0
LF:8
LH:0
BRDA:23,0,0,0
BRDA:23,0,1,0
BRDA:24,1,0,0
BRDA:24,1,1,0
BRF:4
BRH:0
end_of_record
TN:
SF:src/components/layout/Navbar.jsx
FN:11,Navbar
FN:15,(anonymous_1)
FNF:2
FNH:2
FNDA:1,Navbar
FNDA:1,(anonymous_1)
DA:12,1
DA:14,1
DA:15,1
LF:3
LH:3
BRDA:25,0,0,0
BRDA:25,0,1,1
BRF:2
BRH:1
end_of_record
TN:
SF:src/components/layout/Sidebar.jsx
FN:33,Sidebar
FN:51,(anonymous_1)
FNF:2
FNH:2
FNDA:1,Sidebar
FNDA:9,(anonymous_1)
DA:21,1
DA:34,1
DA:52,9
LF:3
LH:3
BRDA:33,0,0,1
BRDA:33,1,0,1
BRF:2
BRH:2
end_of_record
TN:
SF:src/context/AuthContext.jsx
FN:8,(anonymous_0)
FN:10,(anonymous_1)
FN:15,(anonymous_2)
FN:21,(anonymous_3)
FN:35,(anonymous_4)
FN:48,(anonymous_5)
FN:86,(anonymous_6)
FN:96,(anonymous_7)
FN:97,(anonymous_8)
FN:100,(anonymous_9)
FN:101,(anonymous_10)
FN:104,(anonymous_11)
FN:117,(anonymous_12)
FNF:13
FNH:0
FNDA:0,(anonymous_0)
FNDA:0,(anonymous_1)
FNDA:0,(anonymous_2)
FNDA:0,(anonymous_3)
FNDA:0,(anonymous_4)
FNDA:0,(anonymous_5)
FNDA:0,(anonymous_6)
FNDA:0,(anonymous_7)
FNDA:0,(anonymous_8)
FNDA:0,(anonymous_9)
FNDA:0,(anonymous_10)
FNDA:0,(anonymous_11)
FNDA:0,(anonymous_12)
DA:6,0
DA:8,0
DA:9,0
DA:10,0
DA:11,0
DA:12,0
DA:13,0
DA:15,0
DA:16,0
DA:17,0
DA:18,0
DA:21,0
DA:22,0
DA:23,0
DA:24,0
DA:25,0
DA:26,0
DA:28,0
DA:29,0
DA:31,0
DA:35,0
DA:36,0
DA:37,0
DA:38,0
DA:39,0
DA:40,0
DA:42,0
DA:43,0
DA:47,0
DA:49,0
DA:50,0
DA:51,0
DA:52,0
DA:53,0
DA:54,0
DA:55,0
DA:56,0
DA:57,0
DA:58,0
DA:59,0
DA:60,0
DA:61,0
DA:64,0
DA:65,0
DA:66,0
DA:67,0
DA:68,0
DA:71,0
DA:74,0
DA:75,0
DA:77,0
DA:78,0
DA:80,0
DA:86,0
DA:87,0
DA:88,0
DA:89,0
DA:90,0
DA:91,0
DA:95,0
DA:96,0
DA:98,0
DA:100,0
DA:101,0
DA:104,0
DA:105,0
DA:106,0
DA:110,0
DA:117,0
DA:118,0
DA:119,0
DA:120,0
LF:72
LH:0
BRDA:36,0,0,0
BRDA:36,0,1,0
BRDA:55,1,0,0
BRDA:55,1,1,0
BRDA:58,2,0,0
BRDA:58,2,1,0
BRDA:67,3,0,0
BRDA:67,3,1,0
BRDA:88,4,0,0
BRDA:88,4,1,0
BRDA:88,5,0,0
BRDA:88,5,1,0
BRDA:90,6,0,0
BRDA:90,6,1,0
BRDA:119,7,0,0
BRDA:119,7,1,0
BRF:16
BRH:0
end_of_record
TN:
SF:src/features/admin/AdminPage.jsx
FN:3,AdminPage
FNF:1
FNH:0
FNDA:0,AdminPage
DA:4,0
LF:1
LH:0
BRF:0
BRH:0
end_of_record
TN:
SF:src/features/admin/CategoryManagementPage.jsx
FN:27,CategoryManagementPage
FN:36,(anonymous_1)
FN:49,(anonymous_2)
FN:53,(anonymous_3)
FN:72,(anonymous_4)
FN:77,(anonymous_5)
FN:96,(anonymous_6)
FN:110,(anonymous_7)
FN:125,(anonymous_8)
FN:125,(anonymous_9)
FN:132,(anonymous_10)
FN:132,(anonymous_11)
FN:158,(anonymous_12)
FN:164,(anonymous_13)
FN:164,(anonymous_14)
FN:176,(anonymous_15)
FN:176,(anonymous_16)
FN:191,(anonymous_17)
FN:197,(anonymous_18)
FN:204,(anonymous_19)
FN:219,(anonymous_20)
FN:219,(anonymous_21)
FNF:22
FNH:0
FNDA:0,CategoryManagementPage
FNDA:0,(anonymous_1)
FNDA:0,(anonymous_2)
FNDA:0,(anonymous_3)
FNDA:0,(anonymous_4)
FNDA:0,(anonymous_5)
FNDA:0,(anonymous_6)
FNDA:0,(anonymous_7)
FNDA:0,(anonymous_8)
FNDA:0,(anonymous_9)
FNDA:0,(anonymous_10)
FNDA:0,(anonymous_11)
FNDA:0,(anonymous_12)
FNDA:0,(anonymous_13)
FNDA:0,(anonymous_14)
FNDA:0,(anonymous_15)
FNDA:0,(anonymous_16)
FNDA:0,(anonymous_17)
FNDA:0,(anonymous_18)
FNDA:0,(anonymous_19)
FNDA:0,(anonymous_20)
FNDA:0,(anonymous_21)
DA:25,0
DA:28,0
DA:29,0
DA:30,0
DA:31,0
DA:32,0
DA:33,0
DA:34,0
DA:36,0
DA:37,0
DA:38,0
DA:39,0
DA:40,0
DA:42,0
DA:43,0
DA:45,0
DA:49,0
DA:50,0
DA:53,0
DA:54,0
DA:55,0
DA:56,0
DA:58,0
DA:59,0
DA:60,0
DA:61,0
DA:62,0
DA:63,0
DA:65,0
DA:66,0
DA:68,0
DA:72,0
DA:73,0
DA:74,0
DA:77,0
DA:78,0
DA:79,0
DA:80,0
DA:82,0
DA:83,0
DA:84,0
DA:85,0
DA:86,0
DA:87,0
DA:89,0
DA:90,0
DA:92,0
DA:96,0
DA:97,0
DA:98,0
DA:99,0
DA:100,0
DA:101,0
DA:103,0
DA:104,0
DA:106,0
DA:110,0
DA:112,0
DA:125,0
DA:132,0
DA:159,0
DA:164,0
DA:176,0
DA:191,0
DA:197,0
DA:204,0
DA:219,0
LF:67
LH:0
BRDA:40,0,0,0
BRDA:40,0,1,0
BRDA:43,1,0,0
BRDA:43,1,1,0
BRDA:54,2,0,0
BRDA:54,2,1,0
BRDA:66,3,0,0
BRDA:66,3,1,0
BRDA:74,4,0,0
BRDA:74,4,1,0
BRDA:74,5,0,0
BRDA:74,5,1,0
BRDA:78,6,0,0
BRDA:78,6,1,0
BRDA:90,7,0,0
BRDA:90,7,1,0
BRDA:104,8,0,0
BRDA:104,8,1,0
BRDA:110,9,0,0
BRDA:110,9,1,0
BRDA:137,10,0,0
BRDA:137,10,1,0
BRDA:143,11,0,0
BRDA:143,11,1,0
BRDA:161,12,0,0
BRDA:161,12,1,0
BRDA:173,13,0,0
BRDA:173,13,1,0
BRDA:181,14,0,0
BRDA:181,14,1,0
BRDA:186,15,0,0
BRDA:186,15,1,0
BRF:32
BRH:0
end_of_record
TN:
SF:src/features/auth/LoginPage.jsx
FN:21,LoginPage
FN:28,(anonymous_1)
FN:68,(anonymous_2)
FN:83,(anonymous_3)
FN:94,(anonymous_4)
FN:94,(anonymous_5)
FNF:6
FNH:4
FNDA:6,LoginPage
FNDA:1,(anonymous_1)
FNDA:1,(anonymous_2)
FNDA:1,(anonymous_3)
FNDA:0,(anonymous_4)
FNDA:0,(anonymous_5)
DA:22,6
DA:23,6
DA:24,6
DA:25,6
DA:26,6
DA:28,6
DA:29,1
DA:30,1
DA:31,1
DA:32,1
DA:34,1
DA:38,6
DA:68,1
DA:83,1
DA:94,0
LF:15
LH:14
BRDA:81,0,0,0
BRDA:81,0,1,6
BRDA:98,1,0,0
BRDA:98,1,1,6
BRDA:106,2,0,6
BRDA:106,2,1,2
BRDA:119,3,0,0
BRDA:119,3,1,6
BRF:8
BRH:5
end_of_record
TN:
SF:src/features/auth/authSlice.js
FN:12,(anonymous_0)
FN:16,(anonymous_1)
FNF:2
FNH:0
FNDA:0,(anonymous_0)
FNDA:0,(anonymous_1)
DA:3,0
DA:8,0
DA:13,0
DA:14,0
DA:17,0
DA:18,0
DA:23,0
LF:7
LH:0
BRF:0
BRH:0
end_of_record
TN:
SF:src/features/dashboard/DashboardPage.jsx
FN:6,DashboardPage
FN:14,(anonymous_1)
FN:15,(anonymous_2)
FN:67,(anonymous_3)
FN:88,(anonymous_4)
FN:109,(anonymous_5)
FN:130,(anonymous_6)
FN:154,(anonymous_7)
FNF:8
FNH:3
FNDA:2,DashboardPage
FNDA:2,(anonymous_1)
FNDA:2,(anonymous_2)
FNDA:0,(anonymous_3)
FNDA:0,(anonymous_4)
FNDA:0,(anonymous_5)
FNDA:0,(anonymous_6)
FNDA:0,(anonymous_7)
DA:7,2
DA:8,2
DA:9,2
DA:10,2
DA:11,2
DA:12,2
DA:14,2
DA:15,2
DA:16,2
DA:17,2
DA:18,2
DA:19,2
DA:20,2
DA:24,2
DA:25,2
DA:27,2
DA:31,2
DA:32,2
DA:34,0
DA:36,2
DA:40,2
DA:43,2
DA:44,1
DA:51,1
DA:68,0
DA:89,0
DA:110,0
DA:131,0
DA:155,0
LF:29
LH:23
BRDA:17,0,0,2
BRDA:17,0,1,0
BRDA:19,1,0,2
BRDA:19,1,1,0
BRDA:24,2,0,2
BRDA:24,2,1,0
BRDA:25,3,0,2
BRDA:25,3,1,0
BRDA:31,4,0,2
BRDA:31,4,1,0
BRDA:32,5,0,2
BRDA:32,5,1,0
BRDA:43,6,0,1
BRDA:43,6,1,1
BRDA:62,7,0,1
BRDA:62,7,1,0
BRDA:68,8,0,0
BRDA:68,8,1,0
BRDA:68,8,2,0
BRDA:69,9,0,0
BRDA:69,9,1,0
BRDA:69,9,2,0
BRDA:69,10,0,0
BRDA:69,10,1,0
BRDA:83,11,0,1
BRDA:83,11,1,0
BRDA:89,12,0,0
BRDA:89,12,1,0
BRDA:89,12,2,0
BRDA:90,13,0,0
BRDA:90,13,1,0
BRDA:90,14,0,0
BRDA:90,14,1,0
BRDA:104,15,0,1
BRDA:104,15,1,0
BRDA:110,16,0,0
BRDA:110,16,1,0
BRDA:110,16,2,0
BRDA:111,17,0,0
BRDA:111,17,1,0
BRDA:111,18,0,0
BRDA:111,18,1,0
BRDA:125,19,0,1
BRDA:125,19,1,0
BRDA:131,20,0,0
BRDA:131,20,1,0
BRDA:131,20,2,0
BRDA:133,21,0,0
BRDA:133,21,1,0
BRDA:133,21,2,0
BRDA:134,22,0,0
BRDA:134,22,1,0
BRDA:134,22,2,0
BRDA:149,23,0,1
BRDA:149,23,1,0
BRDA:155,24,0,0
BRDA:155,24,1,0
BRDA:155,24,2,0
BRDA:156,25,0,0
BRDA:156,25,1,0
BRDA:156,25,2,0
BRDA:156,26,0,0
BRDA:156,26,1,0
BRDA:156,26,2,0
BRF:64
BRH:13
end_of_record
TN:
SF:src/features/knowledge/KnowledgeArticlePage.jsx
FN:6,KnowledgeArticlePage
FN:11,(anonymous_1)
FN:12,(anonymous_2)
FN:48,(anonymous_3)
FNF:4
FNH:0
FNDA:0,KnowledgeArticlePage
FNDA:0,(anonymous_1)
FNDA:0,(anonymous_2)
FNDA:0,(anonymous_3)
DA:7,0
DA:8,0
DA:9,0
DA:11,0
DA:12,0
DA:13,0
DA:14,0
DA:15,0
DA:16,0
DA:18,0
DA:20,0
DA:23,0
DA:26,0
DA:27,0
DA:29,0
DA:49,0
LF:16
LH:0
BRDA:23,0,0,0
BRDA:23,0,1,0
BRDA:26,1,0,0
BRDA:26,1,1,0
BRDA:27,2,0,0
BRDA:27,2,1,0
BRDA:31,3,0,0
BRDA:31,3,1,0
BRDA:33,4,0,0
BRDA:33,4,1,0
BRDA:34,5,0,0
BRDA:34,5,1,0
BRDA:34,5,2,0
BRDA:35,6,0,0
BRDA:35,6,1,0
BRDA:36,7,0,0
BRDA:36,7,1,0
BRDA:41,8,0,0
BRDA:41,8,1,0
BRDA:41,8,2,0
BRDA:45,9,0,0
BRDA:45,9,1,0
BRDA:51,10,0,0
BRDA:51,10,1,0
BRDA:52,11,0,0
BRDA:52,11,1,0
BRF:26
BRH:0
end_of_record
TN:
SF:src/features/knowledge/KnowledgePage.jsx
FN:28,KnowledgePage
FN:38,(anonymous_1)
FN:51,(anonymous_2)
FN:55,(anonymous_3)
FN:57,(anonymous_4)
FN:63,(anonymous_5)
FN:65,(anonymous_6)
FN:68,(anonymous_7)
FN:70,(anonymous_8)
FN:76,(anonymous_9)
FN:85,(anonymous_10)
FN:94,(anonymous_11)
FN:98,(anonymous_12)
FN:103,(anonymous_13)
FN:123,(anonymous_14)
FN:134,(anonymous_15)
FN:137,(anonymous_16)
FN:151,(anonymous_17)
FN:154,(anonymous_18)
FN:167,(anonymous_19)
FN:168,(anonymous_20)
FN:169,(anonymous_21)
FN:188,(anonymous_22)
FNF:23
FNH:0
FNDA:0,KnowledgePage
FNDA:0,(anonymous_1)
FNDA:0,(anonymous_2)
FNDA:0,(anonymous_3)
FNDA:0,(anonymous_4)
FNDA:0,(anonymous_5)
FNDA:0,(anonymous_6)
FNDA:0,(anonymous_7)
FNDA:0,(anonymous_8)
FNDA:0,(anonymous_9)
FNDA:0,(anonymous_10)
FNDA:0,(anonymous_11)
FNDA:0,(anonymous_12)
FNDA:0,(anonymous_13)
FNDA:0,(anonymous_14)
FNDA:0,(anonymous_15)
FNDA:0,(anonymous_16)
FNDA:0,(anonymous_17)
FNDA:0,(anonymous_18)
FNDA:0,(anonymous_19)
FNDA:0,(anonymous_20)
FNDA:0,(anonymous_21)
FNDA:0,(anonymous_22)
DA:26,0
DA:29,0
DA:30,0
DA:31,0
DA:32,0
DA:33,0
DA:34,0
DA:35,0
DA:36,0
DA:38,0
DA:39,0
DA:40,0
DA:41,0
DA:42,0
DA:44,0
DA:45,0
DA:47,0
DA:51,0
DA:52,0
DA:55,0
DA:56,0
DA:57,0
DA:58,0
DA:60,0
DA:63,0
DA:64,0
DA:65,0
DA:66,0
DA:67,0
DA:68,0
DA:69,0
DA:70,0
DA:73,0
DA:76,0
DA:77,0
DA:85,0
DA:86,0
DA:87,0
DA:88,0
DA:89,0
DA:90,0
DA:91,0
DA:94,0
DA:95,0
DA:98,0
DA:99,0
DA:100,0
DA:103,0
DA:104,0
DA:105,0
DA:108,0
DA:123,0
DA:134,0
DA:138,0
DA:151,0
DA:155,0
DA:167,0
DA:168,0
DA:169,0
DA:189,0
LF:60
LH:0
BRDA:38,0,0,0
BRDA:42,1,0,0
BRDA:42,1,1,0
BRDA:58,2,0,0
BRDA:58,2,1,0
BRDA:66,3,0,0
BRDA:66,3,1,0
BRDA:66,3,2,0
BRDA:67,4,0,0
BRDA:67,4,1,0
BRDA:69,5,0,0
BRDA:69,5,1,0
BRDA:69,6,0,0
BRDA:69,6,1,0
BRDA:78,7,0,0
BRDA:78,7,1,0
BRDA:79,8,0,0
BRDA:79,8,1,0
BRDA:80,9,0,0
BRDA:80,9,1,0
BRDA:81,10,0,0
BRDA:81,10,1,0
BRDA:167,11,0,0
BRDA:167,11,1,0
BRDA:181,12,0,0
BRDA:181,12,1,0
BRDA:185,13,0,0
BRDA:185,13,1,0
BRDA:189,14,0,0
BRDA:189,14,1,0
BRDA:189,14,2,0
BRDA:193,15,0,0
BRDA:193,15,1,0
BRDA:193,15,2,0
BRDA:194,16,0,0
BRDA:194,16,1,0
BRDA:198,17,0,0
BRDA:198,17,1,0
BRDA:201,18,0,0
BRDA:201,18,1,0
BRDA:201,19,0,0
BRDA:201,19,1,0
BRDA:204,20,0,0
BRDA:204,20,1,0
BRDA:204,20,2,0
BRDA:214,21,0,0
BRDA:214,21,1,0
BRDA:214,21,2,0
BRF:48
BRH:0
end_of_record
TN:
SF:src/features/leaderboard/LeaderboardPage.jsx
FN:7,LeaderboardPage
FN:13,(anonymous_1)
FN:14,(anonymous_2)
FN:28,(anonymous_3)
FN:33,(anonymous_4)
FN:37,(anonymous_5)
FN:76,(anonymous_6)
FNF:7
FNH:0
FNDA:0,LeaderboardPage
FNDA:0,(anonymous_1)
FNDA:0,(anonymous_2)
FNDA:0,(anonymous_3)
FNDA:0,(anonymous_4)
FNDA:0,(anonymous_5)
FNDA:0,(anonymous_6)
DA:8,0
DA:9,0
DA:10,0
DA:11,0
DA:13,0
DA:14,0
DA:15,0
DA:16,0
DA:17,0
DA:18,0
DA:20,0
DA:22,0
DA:25,0
DA:28,0
DA:29,0
DA:30,0
DA:33,0
DA:34,0
DA:37,0
DA:38,0
DA:39,0
DA:42,0
DA:77,0
LF:23
LH:0
BRDA:18,0,0,0
BRDA:18,0,1,0
BRDA:51,1,0,0
BRDA:51,1,1,0
BRDA:67,2,0,0
BRDA:67,2,1,0
BRDA:71,3,0,0
BRDA:71,3,1,0
BRDA:77,4,0,0
BRDA:77,4,1,0
BRDA:79,5,0,0
BRDA:79,5,1,0
BRDA:79,5,2,0
BRDA:80,6,0,0
BRDA:80,6,1,0
BRDA:81,7,0,0
BRDA:81,7,1,0
BRDA:81,8,0,0
BRDA:81,8,1,0
BRDA:82,9,0,0
BRDA:82,9,1,0
BRDA:82,9,2,0
BRF:22
BRH:0
end_of_record
TN:
SF:src/features/leaderboard/leaderboardSlice.js
FN:13,(anonymous_0)
FN:17,(anonymous_1)
FNF:2
FNH:0
FNDA:0,(anonymous_0)
FNDA:0,(anonymous_1)
DA:3,0
DA:9,0
DA:14,0
DA:15,0
DA:18,0
DA:19,0
DA:24,0
LF:7
LH:0
BRF:0
BRH:0
end_of_record
TN:
SF:src/features/notifications/NotificationsPage.jsx
FN:3,NotificationsPage
FNF:1
FNH:0
FNDA:0,NotificationsPage
DA:4,0
LF:1
LH:0
BRF:0
BRH:0
end_of_record
TN:
SF:src/features/notifications/notificationSlice.js
FN:12,(anonymous_0)
FN:14,(anonymous_1)
FN:16,(anonymous_2)
FN:20,(anonymous_3)
FN:22,(anonymous_4)
FNF:5
FNH:0
FNDA:0,(anonymous_0)
FNDA:0,(anonymous_1)
FNDA:0,(anonymous_2)
FNDA:0,(anonymous_3)
FNDA:0,(anonymous_4)
DA:3,0
DA:8,0
DA:13,0
DA:14,0
DA:17,0
DA:18,0
DA:21,0
DA:22,0
DA:23,0
DA:24,0
DA:25,0
DA:31,0
LF:12
LH:0
BRDA:23,0,0,0
BRDA:23,0,1,0
BRDA:23,1,0,0
BRDA:23,1,1,0
BRF:4
BRH:0
end_of_record
TN:
SF:src/features/profile/ProfilePage.jsx
FN:6,ProfilePage
FN:20,(anonymous_1)
FN:21,(anonymous_2)
FN:48,(anonymous_3)
FN:48,(anonymous_4)
FN:49,(anonymous_5)
FN:52,(anonymous_6)
FN:140,(anonymous_7)
FN:141,(anonymous_8)
FNF:9
FNH:4
FNDA:3,ProfilePage
FNDA:3,(anonymous_1)
FNDA:3,(anonymous_2)
FNDA:15,(anonymous_3)
FNDA:0,(anonymous_4)
FNDA:0,(anonymous_5)
FNDA:0,(anonymous_6)
FNDA:0,(anonymous_7)
FNDA:0,(anonymous_8)
DA:7,3
DA:8,3
DA:15,3
DA:16,3
DA:17,3
DA:18,3
DA:20,3
DA:21,3
DA:22,3
DA:23,3
DA:24,3
DA:25,3
DA:33,0
DA:34,0
DA:35,0
DA:45,3
DA:48,15
DA:49,0
DA:52,3
DA:53,0
DA:54,0
DA:55,0
DA:56,0
DA:57,0
DA:58,0
DA:59,0
DA:60,0
DA:63,0
DA:64,0
DA:65,0
DA:66,0
DA:68,0
DA:72,3
DA:140,0
DA:141,0
LF:35
LH:16
BRDA:26,0,0,3
BRDA:26,0,1,0
BRDA:27,1,0,3
BRDA:27,1,1,0
BRDA:28,2,0,3
BRDA:28,2,1,0
BRDA:29,3,0,3
BRDA:29,3,1,0
BRDA:30,4,0,3
BRDA:30,4,1,0
BRDA:34,5,0,0
BRDA:34,5,1,0
BRDA:36,6,0,0
BRDA:36,6,1,0
BRDA:37,7,0,0
BRDA:37,7,1,0
BRDA:38,8,0,0
BRDA:38,8,1,0
BRDA:39,9,0,0
BRDA:39,9,1,0
BRDA:40,10,0,0
BRDA:40,10,1,0
BRDA:59,11,0,0
BRDA:59,11,1,0
BRDA:64,12,0,0
BRDA:64,12,1,0
BRDA:135,13,0,0
BRDA:135,13,1,3
BRF:28
BRH:6
end_of_record
TN:
SF:src/features/solutions/SolutionSubmitPage.jsx
FN:16,SolutionSubmitPage
FN:25,(anonymous_1)
FN:49,(anonymous_2)
FN:56,(anonymous_3)
FN:64,(anonymous_4)
FN:67,(anonymous_5)
FNF:6
FNH:0
FNDA:0,SolutionSubmitPage
FNDA:0,(anonymous_1)
FNDA:0,(anonymous_2)
FNDA:0,(anonymous_3)
FNDA:0,(anonymous_4)
FNDA:0,(anonymous_5)
DA:17,0
DA:18,0
DA:19,0
DA:20,0
DA:21,0
DA:22,0
DA:23,0
DA:25,0
DA:26,0
DA:27,0
DA:28,0
DA:29,0
DA:30,0
DA:31,0
DA:33,0
DA:34,0
DA:36,0
DA:40,0
DA:49,0
DA:56,0
DA:64,0
DA:67,0
LF:22
LH:0
BRDA:30,0,0,0
BRDA:30,0,1,0
BRDA:67,1,0,0
BRDA:67,1,1,0
BRDA:68,2,0,0
BRDA:68,2,1,0
BRDA:69,3,0,0
BRDA:69,3,1,0
BRDA:71,4,0,0
BRDA:71,4,1,0
BRDA:73,5,0,0
BRDA:73,5,1,0
BRF:12
BRH:0
end_of_record
TN:
SF:src/features/solutions/SolutionsPage.jsx
FN:3,SolutionsPage
FNF:1
FNH:0
FNDA:0,SolutionsPage
DA:4,0
LF:1
LH:0
BRF:0
BRH:0
end_of_record
TN:
SF:src/features/tickets/CreateTicketPage.jsx
FN:23,CreateTicketPage
FN:33,(anonymous_1)
FN:64,(anonymous_2)
FN:72,(anonymous_3)
FN:77,(anonymous_4)
FN:78,(anonymous_5)
FN:85,(anonymous_6)
FN:86,(anonymous_7)
FN:96,(anonymous_8)
FNF:9
FNH:0
FNDA:0,CreateTicketPage
FNDA:0,(anonymous_1)
FNDA:0,(anonymous_2)
FNDA:0,(anonymous_3)
FNDA:0,(anonymous_4)
FNDA:0,(anonymous_5)
FNDA:0,(anonymous_6)
FNDA:0,(anonymous_7)
FNDA:0,(anonymous_8)
DA:20,0
DA:21,0
DA:24,0
DA:25,0
DA:26,0
DA:27,0
DA:28,0
DA:29,0
DA:30,0
DA:31,0
DA:33,0
DA:34,0
DA:35,0
DA:36,0
DA:37,0
DA:38,0
DA:45,0
DA:46,0
DA:48,0
DA:49,0
DA:51,0
DA:55,0
DA:64,0
DA:72,0
DA:77,0
DA:79,0
DA:85,0
DA:87,0
DA:97,0
DA:98,0
LF:30
LH:0
BRDA:43,0,0,0
BRDA:43,0,1,0
BRDA:97,1,0,0
BRDA:97,1,1,0
BRDA:97,1,2,0
BRDA:101,2,0,0
BRDA:101,2,1,0
BRDA:103,3,0,0
BRDA:103,3,1,0
BRDA:106,4,0,0
BRDA:106,4,1,0
BRDA:109,5,0,0
BRDA:109,5,1,0
BRF:13
BRH:0
end_of_record
TN:
SF:src/features/tickets/TicketDetailsPage.jsx
FN:19,TicketDetailsPage
FN:24,(anonymous_1)
FN:25,(anonymous_2)
FN:85,(anonymous_3)
FN:109,(anonymous_4)
FN:148,(anonymous_5)
FNF:6
FNH:0
FNDA:0,TicketDetailsPage
FNDA:0,(anonymous_1)
FNDA:0,(anonymous_2)
FNDA:0,(anonymous_3)
FNDA:0,(anonymous_4)
FNDA:0,(anonymous_5)
DA:20,0
DA:21,0
DA:22,0
DA:24,0
DA:25,0
DA:26,0
DA:27,0
DA:28,0
DA:29,0
DA:31,0
DA:33,0
DA:36,0
DA:39,0
DA:41,0
DA:42,0
DA:52,0
DA:53,0
DA:54,0
DA:56,0
DA:86,0
DA:110,0
DA:149,0
LF:22
LH:0
BRDA:36,0,0,0
BRDA:36,0,1,0
BRDA:39,1,0,0
BRDA:39,1,1,0
BRDA:41,2,0,0
BRDA:41,2,1,0
BRDA:52,3,0,0
BRDA:52,3,1,0
BRDA:52,3,2,0
BRDA:53,4,0,0
BRDA:53,4,1,0
BRDA:54,5,0,0
BRDA:54,5,1,0
BRDA:54,5,2,0
BRDA:62,6,0,0
BRDA:62,6,1,0
BRDA:62,6,2,0
BRDA:70,7,0,0
BRDA:70,7,1,0
BRDA:70,7,2,0
BRDA:80,8,0,0
BRDA:80,8,1,0
BRDA:86,9,0,0
BRDA:86,9,1,0
BRDA:86,9,2,0
BRDA:88,10,0,0
BRDA:88,10,1,0
BRDA:88,10,2,0
BRDA:89,11,0,0
BRDA:89,11,1,0
BRDA:89,11,2,0
BRDA:104,12,0,0
BRDA:104,12,1,0
BRDA:110,13,0,0
BRDA:110,13,1,0
BRDA:110,13,2,0
BRDA:112,14,0,0
BRDA:112,14,1,0
BRDA:112,14,2,0
BRDA:113,15,0,0
BRDA:113,15,1,0
BRDA:113,15,2,0
BRDA:113,15,3,0
BRDA:128,16,0,0
BRDA:128,16,1,0
BRDA:129,17,0,0
BRDA:129,17,1,0
BRDA:130,18,0,0
BRDA:130,18,1,0
BRDA:130,18,2,0
BRDA:131,19,0,0
BRDA:131,19,1,0
BRDA:132,20,0,0
BRDA:132,20,1,0
BRDA:143,21,0,0
BRDA:143,21,1,0
BRDA:149,22,0,0
BRDA:149,22,1,0
BRDA:149,22,2,0
BRDA:150,23,0,0
BRDA:150,23,1,0
BRDA:150,23,2,0
BRDA:150,24,0,0
BRDA:150,24,1,0
BRF:64
BRH:0
end_of_record
TN:
SF:src/features/tickets/TicketsPage.jsx
FN:26,TicketsPage
FN:36,(anonymous_1)
FN:37,(anonymous_2)
FN:51,(anonymous_3)
FN:52,(anonymous_4)
FN:64,(anonymous_5)
FN:65,(anonymous_6)
FN:66,(anonymous_7)
FN:67,(anonymous_8)
FN:71,(anonymous_9)
FN:76,(anonymous_10)
FN:80,(anonymous_11)
FN:94,(anonymous_12)
FN:107,(anonymous_13)
FN:119,(anonymous_14)
FN:122,(anonymous_15)
FN:136,(anonymous_16)
FN:139,(anonymous_17)
FN:153,(anonymous_18)
FN:156,(anonymous_19)
FN:170,(anonymous_20)
FN:173,(anonymous_21)
FN:210,(anonymous_22)
FN:211,(anonymous_23)
FNF:24
FNH:16
FNDA:5,TicketsPage
FNDA:2,(anonymous_1)
FNDA:2,(anonymous_2)
FNDA:5,(anonymous_3)
FNDA:3,(anonymous_4)
FNDA:3,(anonymous_5)
FNDA:3,(anonymous_6)
FNDA:3,(anonymous_7)
FNDA:3,(anonymous_8)
FNDA:5,(anonymous_9)
FNDA:0,(anonymous_10)
FNDA:0,(anonymous_11)
FNDA:0,(anonymous_12)
FNDA:0,(anonymous_13)
FNDA:1,(anonymous_14)
FNDA:3,(anonymous_15)
FNDA:0,(anonymous_16)
FNDA:1,(anonymous_17)
FNDA:0,(anonymous_18)
FNDA:1,(anonymous_19)
FNDA:0,(anonymous_20)
FNDA:1,(anonymous_21)
FNDA:3,(anonymous_22)
FNDA:0,(anonymous_23)
DA:27,5
DA:28,5
DA:29,5
DA:30,5
DA:31,5
DA:32,5
DA:33,5
DA:34,5
DA:36,5
DA:37,2
DA:38,2
DA:39,2
DA:40,2
DA:41,2
DA:43,0
DA:45,2
DA:48,2
DA:51,5
DA:52,5
DA:53,3
DA:54,3
DA:55,3
DA:56,3
DA:57,3
DA:58,3
DA:59,3
DA:60,3
DA:64,5
DA:65,5
DA:66,5
DA:67,5
DA:68,5
DA:69,5
DA:71,5
DA:72,5
DA:73,5
DA:76,5
DA:77,0
DA:80,5
DA:81,0
DA:82,0
DA:85,5
DA:94,0
DA:107,0
DA:119,1
DA:123,3
DA:136,0
DA:140,1
DA:153,0
DA:157,1
DA:170,0
DA:174,1
DA:211,3
LF:53
LH:44
BRDA:41,0,0,2
BRDA:41,0,1,0
BRDA:53,1,0,3
BRDA:53,1,1,0
BRDA:53,2,0,3
BRDA:53,2,1,2
BRDA:53,3,0,3
BRDA:53,3,1,2
BRDA:53,3,2,2
BRDA:54,4,0,0
BRDA:54,4,1,3
BRDA:54,5,0,3
BRDA:54,5,1,0
BRDA:55,6,0,0
BRDA:55,6,1,3
BRDA:55,7,0,3
BRDA:55,7,1,1
BRDA:56,8,0,0
BRDA:56,8,1,3
BRDA:56,9,0,3
BRDA:56,9,1,0
BRDA:57,10,0,0
BRDA:57,10,1,3
BRDA:57,11,0,3
BRDA:57,11,1,0
BRDA:58,12,0,3
BRDA:58,12,1,2
BRDA:58,12,2,2
BRDA:59,13,0,0
BRDA:59,13,1,3
BRDA:59,14,0,3
BRDA:59,14,1,0
BRDA:67,15,0,3
BRDA:67,15,1,2
BRDA:197,16,0,2
BRDA:197,16,1,3
BRDA:201,17,0,0
BRDA:201,17,1,3
BRDA:205,18,0,0
BRDA:205,18,1,3
BRDA:211,19,0,3
BRDA:211,19,1,0
BRDA:211,19,2,0
BRDA:211,20,0,0
BRDA:211,20,1,0
BRDA:211,20,2,0
BRDA:212,21,0,3
BRDA:212,21,1,0
BRDA:212,21,2,0
BRDA:213,22,0,3
BRDA:213,22,1,0
BRDA:213,22,2,0
BRDA:214,23,0,3
BRDA:214,23,1,2
BRDA:215,24,0,3
BRDA:215,24,1,2
BRDA:216,25,0,3
BRDA:216,25,1,0
BRDA:217,26,0,3
BRDA:217,26,1,2
BRDA:217,26,2,2
BRDA:218,27,0,3
BRDA:218,27,1,3
BRDA:218,27,2,3
BRF:64
BRH:41
end_of_record
TN:
SF:src/features/tickets/ticketSlice.js
FN:13,(anonymous_0)
FN:17,(anonymous_1)
FN:20,(anonymous_2)
FNF:3
FNH:0
FNDA:0,(anonymous_0)
FNDA:0,(anonymous_1)
FNDA:0,(anonymous_2)
DA:3,0
DA:9,0
DA:14,0
DA:15,0
DA:18,0
DA:21,0
DA:22,0
DA:27,0
LF:8
LH:0
BRF:0
BRH:0
end_of_record
TN:
SF:src/features/users/UsersPage.jsx
FN:27,UsersPage
FN:33,(anonymous_1)
FN:46,(anonymous_2)
FN:50,(anonymous_3)
FN:51,(anonymous_4)
FN:60,(anonymous_5)
FN:60,(anonymous_6)
FN:64,(anonymous_7)
FN:65,(anonymous_8)
FN:65,(anonymous_9)
FN:68,(anonymous_10)
FN:69,(anonymous_11)
FN:69,(anonymous_12)
FN:72,(anonymous_13)
FN:74,(anonymous_14)
FN:74,(anonymous_15)
FN:103,(anonymous_16)
FN:116,(anonymous_17)
FN:118,(anonymous_18)
FN:131,(anonymous_19)
FN:134,(anonymous_20)
FN:148,(anonymous_21)
FN:148,(anonymous_22)
FNF:23
FNH:5
FNDA:2,UsersPage
FNDA:1,(anonymous_1)
FNDA:1,(anonymous_2)
FNDA:0,(anonymous_3)
FNDA:0,(anonymous_4)
FNDA:0,(anonymous_5)
FNDA:0,(anonymous_6)
FNDA:0,(anonymous_7)
FNDA:0,(anonymous_8)
FNDA:0,(anonymous_9)
FNDA:0,(anonymous_10)
FNDA:0,(anonymous_11)
FNDA:0,(anonymous_12)
FNDA:0,(anonymous_13)
FNDA:0,(anonymous_14)
FNDA:0,(anonymous_15)
FNDA:1,(anonymous_16)
FNDA:0,(anonymous_17)
FNDA:3,(anonymous_18)
FNDA:0,(anonymous_19)
FNDA:0,(anonymous_20)
FNDA:0,(anonymous_21)
FNDA:0,(anonymous_22)
DA:25,1
DA:28,2
DA:29,2
DA:30,2
DA:31,2
DA:33,2
DA:34,1
DA:35,1
DA:36,1
DA:37,1
DA:39,0
DA:40,0
DA:42,1
DA:46,2
DA:47,1
DA:50,2
DA:51,0
DA:52,0
DA:53,0
DA:54,0
DA:55,0
DA:57,0
DA:58,0
DA:60,0
DA:64,2
DA:65,0
DA:68,2
DA:69,0
DA:72,2
DA:73,0
DA:74,0
DA:75,0
DA:78,2
DA:104,1
DA:105,1
DA:106,1
DA:116,0
DA:119,3
DA:131,0
DA:134,0
DA:148,0
LF:41
LH:22
BRDA:37,0,0,1
BRDA:37,0,1,0
BRDA:40,1,0,0
BRDA:40,1,1,0
BRDA:54,2,0,0
BRDA:54,2,1,0
BRDA:58,3,0,0
BRDA:58,3,1,0
BRDA:65,4,0,0
BRDA:65,4,1,0
BRDA:69,5,0,0
BRDA:69,5,1,0
BRDA:74,6,0,0
BRDA:74,6,1,0
BRDA:86,7,0,1
BRDA:86,7,1,1
BRDA:105,8,0,1
BRDA:105,8,1,0
BRDA:108,9,0,1
BRDA:108,9,1,0
BRDA:109,10,0,1
BRDA:109,10,1,0
BRDA:115,11,0,1
BRDA:115,11,1,0
BRDA:132,12,0,0
BRDA:132,12,1,1
BRF:26
BRH:8
end_of_record
TN:
SF:src/features/users/userSlice.js
FN:14,(anonymous_0)
FN:18,(anonymous_1)
FN:21,(anonymous_2)
FNF:3
FNH:0
FNDA:0,(anonymous_0)
FNDA:0,(anonymous_1)
FNDA:0,(anonymous_2)
DA:3,0
DA:10,0
DA:15,0
DA:16,0
DA:19,0
DA:22,0
DA:23,0
DA:28,0
LF:8
LH:0
BRF:0
BRH:0
end_of_record
TN:
SF:src/providers/ThemeProvider.jsx
FN:6,(anonymous_0)
FN:8,useThemeToggle
FN:12,ThemeProvider
FN:14,(anonymous_3)
FN:16,(anonymous_4)
FN:16,(anonymous_5)
FNF:6
FNH:0
FNDA:0,(anonymous_0)
FNDA:0,useThemeToggle
FNDA:0,ThemeProvider
FNDA:0,(anonymous_3)
FNDA:0,(anonymous_4)
FNDA:0,(anonymous_5)
DA:6,0
DA:9,0
DA:13,0
DA:14,0
DA:16,0
DA:18,0
LF:6
LH:0
BRDA:14,0,0,0
BRDA:14,0,1,0
BRDA:16,1,0,0
BRDA:16,1,1,0
BRF:4
BRH:0
end_of_record
TN:
SF:src/routes/AppRoutes.jsx
FN:21,RequireAuth
FN:28,RequireRole
FN:36,AppRoutes
FNF:3
FNH:0
FNDA:0,RequireAuth
FNDA:0,RequireRole
FNDA:0,AppRoutes
DA:22,0
DA:23,0
DA:24,0
DA:25,0
DA:29,0
DA:30,0
DA:31,0
DA:32,0
DA:33,0
DA:37,0
LF:10
LH:0
BRDA:23,0,0,0
BRDA:23,0,1,0
BRDA:24,1,0,0
BRDA:24,1,1,0
BRDA:28,2,0,0
BRDA:30,3,0,0
BRDA:30,3,1,0
BRDA:31,4,0,0
BRDA:31,4,1,0
BRDA:32,5,0,0
BRDA:32,5,1,0
BRF:11
BRH:0
end_of_record
TN:
SF:src/services/apiClient.js
FN:4,(anonymous_0)
FN:28,(anonymous_1)
FN:35,(anonymous_2)
FN:42,(anonymous_3)
FN:43,(anonymous_4)
FN:76,(anonymous_5)
FNF:6
FNH:1
FNDA:2,(anonymous_0)
FNDA:0,(anonymous_1)
FNDA:0,(anonymous_2)
FNDA:0,(anonymous_3)
FNDA:0,(anonymous_4)
FNDA:0,(anonymous_5)
DA:4,2
DA:5,2
DA:6,0
DA:9,2
DA:10,2
DA:12,2
DA:16,2
DA:18,2
DA:27,2
DA:29,0
DA:30,0
DA:31,0
DA:33,0
DA:36,0
DA:37,0
DA:41,2
DA:42,0
DA:44,0
DA:45,0
DA:46,0
DA:49,0
DA:50,0
DA:51,0
DA:53,0
DA:54,0
DA:55,0
DA:56,0
DA:57,0
DA:58,0
DA:59,0
DA:62,0
DA:63,0
DA:66,0
DA:67,0
DA:70,0
DA:76,2
LF:36
LH:10
BRDA:5,0,0,0
BRDA:5,0,1,2
BRDA:5,1,0,2
BRDA:5,1,1,2
BRDA:16,2,0,2
BRDA:16,2,1,2
BRDA:30,3,0,0
BRDA:30,3,1,0
BRDA:44,4,0,0
BRDA:44,4,1,0
BRDA:50,5,0,0
BRDA:50,5,1,0
BRDA:51,6,0,0
BRDA:51,6,1,0
BRDA:51,6,2,0
BRDA:53,7,0,0
BRDA:53,7,1,0
BRDA:62,8,0,0
BRDA:62,8,1,0
BRDA:66,9,0,0
BRDA:66,9,1,0
BRF:21
BRH:5
end_of_record
TN:
SF:src/services/authService.js
FN:7,(anonymous_0)
FN:14,(anonymous_1)
FN:20,(anonymous_2)
FN:21,(anonymous_3)
FN:22,(anonymous_4)
FN:23,(anonymous_5)
FN:25,(anonymous_6)
FN:68,(anonymous_7)
FN:77,(anonymous_8)
FNF:9
FNH:5
FNDA:2,(anonymous_0)
FNDA:1,(anonymous_1)
FNDA:0,(anonymous_2)
FNDA:0,(anonymous_3)
FNDA:0,(anonymous_4)
FNDA:0,(anonymous_5)
FNDA:2,(anonymous_6)
FNDA:1,(anonymous_7)
FNDA:1,(anonymous_8)
DA:3,1
DA:4,1
DA:5,1
DA:7,1
DA:8,2
DA:9,2
DA:10,2
DA:11,2
DA:14,1
DA:15,1
DA:16,1
DA:17,1
DA:20,1
DA:21,1
DA:22,1
DA:23,1
DA:25,1
DA:27,2
DA:28,2
DA:29,1
DA:30,1
DA:31,1
DA:32,1
DA:33,1
DA:42,1
DA:45,1
DA:46,0
DA:47,0
DA:48,0
DA:49,0
DA:50,0
DA:59,0
DA:62,1
DA:63,1
DA:64,1
DA:65,1
DA:68,1
DA:69,1
DA:70,1
DA:74,1
DA:77,1
DA:78,1
LF:42
LH:36
BRDA:22,0,0,0
BRDA:22,0,1,0
BRDA:27,1,0,2
BRDA:27,1,1,0
BRDA:28,2,0,1
BRDA:28,2,1,1
BRDA:28,3,0,2
BRDA:28,3,1,1
BRDA:45,4,0,0
BRDA:45,4,1,1
BRDA:45,5,0,1
BRDA:45,5,1,0
BRF:12
BRH:7
end_of_record
TN:
SF:src/services/categoryService.js
FN:3,(anonymous_0)
FN:4,(anonymous_1)
FN:5,(anonymous_2)
FN:6,(anonymous_3)
FNF:4
FNH:0
FNDA:0,(anonymous_0)
FNDA:0,(anonymous_1)
FNDA:0,(anonymous_2)
FNDA:0,(anonymous_3)
DA:3,0
DA:4,0
DA:5,0
DA:6,0
LF:4
LH:0
BRF:0
BRH:0
end_of_record
TN:
SF:src/services/dashboardService.js
FN:3,(anonymous_0)
FN:4,(anonymous_1)
FN:5,(anonymous_2)
FN:6,(anonymous_3)
FNF:4
FNH:0
FNDA:0,(anonymous_0)
FNDA:0,(anonymous_1)
FNDA:0,(anonymous_2)
FNDA:0,(anonymous_3)
DA:3,0
DA:4,0
DA:5,0
DA:6,0
LF:4
LH:0
BRF:0
BRH:0
end_of_record
TN:
SF:src/services/fileService.js
FN:3,(anonymous_0)
FNF:1
FNH:0
FNDA:0,(anonymous_0)
DA:3,0
LF:1
LH:0
BRF:0
BRH:0
end_of_record
TN:
SF:src/services/knowledgeService.js
FN:3,(anonymous_0)
FN:4,(anonymous_1)
FNF:2
FNH:2
FNDA:1,(anonymous_0)
FNDA:1,(anonymous_1)
DA:3,1
DA:4,1
LF:2
LH:2
BRDA:3,0,0,0
BRF:1
BRH:0
end_of_record
TN:
SF:src/services/leaderboardService.js
FN:3,(anonymous_0)
FNF:1
FNH:0
FNDA:0,(anonymous_0)
DA:3,0
LF:1
LH:0
BRF:0
BRH:0
end_of_record
TN:
SF:src/services/notificationService.js
FN:3,(anonymous_0)
FN:4,(anonymous_1)
FN:5,(anonymous_2)
FNF:3
FNH:3
FNDA:1,(anonymous_0)
FNDA:1,(anonymous_1)
FNDA:1,(anonymous_2)
DA:3,1
DA:4,1
DA:5,1
LF:3
LH:3
BRF:0
BRH:0
end_of_record
TN:
SF:src/services/notificationSocket.js
FN:2,(anonymous_0)
FN:12,(anonymous_1)
FN:19,(anonymous_2)
FN:23,(anonymous_3)
FN:32,(anonymous_4)
FN:37,(anonymous_5)
FN:39,(anonymous_6)
FN:43,(anonymous_7)
FN:51,(anonymous_8)
FN:59,(anonymous_9)
FN:73,(anonymous_10)
FNF:11
FNH:6
FNDA:3,(anonymous_0)
FNDA:3,(anonymous_1)
FNDA:0,(anonymous_2)
FNDA:1,(anonymous_3)
FNDA:0,(anonymous_4)
FNDA:0,(anonymous_5)
FNDA:0,(anonymous_6)
FNDA:0,(anonymous_7)
FNDA:3,(anonymous_8)
FNDA:3,(anonymous_9)
FNDA:4,(anonymous_10)
DA:3,3
DA:4,3
DA:5,3
DA:6,3
DA:7,3
DA:8,3
DA:9,3
DA:13,3
DA:14,0
DA:17,3
DA:19,3
DA:20,0
DA:23,3
DA:24,1
DA:25,1
DA:26,1
DA:28,0
DA:32,3
DA:33,0
DA:34,0
DA:37,3
DA:38,0
DA:39,0
DA:44,0
DA:45,0
DA:47,0
DA:52,3
DA:53,3
DA:57,1
DA:59,1
DA:60,3
DA:61,3
DA:68,3
DA:70,3
DA:73,1
DA:74,4
DA:75,4
LF:37
LH:27
BRDA:13,0,0,0
BRDA:13,0,1,3
BRDA:44,1,0,0
BRDA:44,1,1,0
BRDA:44,2,0,0
BRDA:44,2,1,0
BRDA:59,3,0,0
BRDA:60,4,0,3
BRDA:60,4,1,0
BRF:9
BRH:2
end_of_record
TN:
SF:src/services/solutionService.js
FN:3,(anonymous_0)
FN:4,(anonymous_1)
FN:5,(anonymous_2)
FNF:3
FNH:3
FNDA:1,(anonymous_0)
FNDA:1,(anonymous_1)
FNDA:1,(anonymous_2)
DA:3,1
DA:4,1
DA:5,1
LF:3
LH:3
BRDA:5,0,0,0
BRF:1
BRH:0
end_of_record
TN:
SF:src/services/ticketService.js
FN:3,(anonymous_0)
FN:4,(anonymous_1)
FN:5,(anonymous_2)
FN:6,(anonymous_3)
FNF:4
FNH:4
FNDA:1,(anonymous_0)
FNDA:1,(anonymous_1)
FNDA:1,(anonymous_2)
FNDA:1,(anonymous_3)
DA:3,2
DA:4,2
DA:5,2
DA:6,2
LF:4
LH:4
BRF:0
BRH:0
end_of_record
TN:
SF:src/services/userService.js
FN:3,(anonymous_0)
FN:4,(anonymous_1)
FN:6,(anonymous_2)
FN:7,(anonymous_3)
FNF:4
FNH:0
FNDA:0,(anonymous_0)
FNDA:0,(anonymous_1)
FNDA:0,(anonymous_2)
FNDA:0,(anonymous_3)
DA:3,1
DA:4,1
DA:6,1
DA:7,1
LF:4
LH:4
BRF:0
BRH:0
end_of_record
TN:
SF:src/utils/errorBus.js
FN:3,(anonymous_0)
FN:5,(anonymous_1)
FN:10,(anonymous_2)
FN:12,(anonymous_3)
FNF:4
FNH:0
FNDA:0,(anonymous_0)
FNDA:0,(anonymous_1)
FNDA:0,(anonymous_2)
FNDA:0,(anonymous_3)
DA:1,2
DA:3,2
DA:4,0
DA:5,0
DA:6,0
DA:10,2
DA:11,0
DA:12,0
DA:13,0
DA:14,0
DA:16,0
LF:11
LH:3
BRDA:11,0,0,0
BRDA:11,0,1,0
BRDA:11,1,0,0
BRDA:11,1,1,0
BRF:4
BRH:0
end_of_record
TN:
SF:src/utils/jwt-utils.js
FN:3,decodeToken
FNF:1
FNH:0
FNDA:0,decodeToken
DA:4,0
DA:5,0
DA:6,0
DA:8,0
LF:4
LH:0
BRDA:4,0,0,0
BRDA:4,0,1,0
BRF:2
BRH:0
end_of_record
